[backblue.gif]
[fade.gif]
[index.html]
[cdnjs.cloudflare.com/ajax/libs/jquery/1.3.0/jquery.min.js]
[s1.ticketm.net/dam/a/010/aa178e43-b5e8-44aa-bc2b-8c5975412010_1419701_TABLET_LANDSCAPE_LARGE_16_9bc25.jpg]
[developers.google.com/static/wallet/images/branding/button-table-black.png]
[ticketmaster-we.herokuapp.com/verified.jpg]
[ticketmaster-we.herokuapp.com/index.html]
[ticketmaster-we.herokuapp.com/static/images/android-launchericon-144-144.html]
[ticketmaster-we.herokuapp.com/static/manifest2.html]
[ticketmaster-we.herokuapp.com/static/favicon.html]
[ticketmaster-we.herokuapp.com/Averta-Regular.woff2]
[ticketmaster-we.herokuapp.com/Averta-SemiBold.woff2]
[ticketmaster-we.herokuapp.com/index.css]
[ticketmaster-we.herokuapp.com/images.png]
[ticketmaster-we.herokuapp.com/manifest.json]
[s1.ticketm.net/dam/a/3a7/e3ade5f9-dc36-4bff-b009-554ced9ea3a7_1771881_TABLET_LANDSCAPE_LARGE_16_9.jpg]
[ticketmaster-we.herokuapp.com/harry.html]
[s1.ticketm.net/dam/a/b1a/353de0b1-c959-466d-8df2-eee815c14b1a_1672401_TABLET_LANDSCAPE_LARGE_16_9.jpg]
[ticketmaster-we.herokuapp.com/karol.html]
[s1.ticketm.net/dam/a/40c/c3796189-4b81-425d-ab1b-f2b34c38f40c_1714331_TABLET_LANDSCAPE_LARGE_16_9.jpg]
[ticketmaster-we.herokuapp.com/yankee.html]
[s1.ticketm.net/dam/a/924/791e6f81-7fc8-4117-8b21-ade6a92dc924_1717651_TABLET_LANDSCAPE_LARGE_16_9.jpg]
[ticketmaster-we.herokuapp.com/Weeknd.html]
[ticketmaster-we.herokuapp.com/3.html]
[ticketmaster-we.herokuapp.com/msg.css]
[ticketmaster-we.herokuapp.com/3-2.html]
